<?xml version="1.0" encoding="UTF-8"?>
<testng-results ignored="0" total="5" passed="5" failed="0" skipped="0">
  <reporter-output>
  </reporter-output>
  <suite started-at="2025-10-30T11:00:50 IST" name="Default suite" finished-at="2025-10-30T11:01:49 IST" duration-ms="58979">
    <groups>
    </groups>
    <test started-at="2025-10-30T11:00:50 IST" name="Default test" finished-at="2025-10-30T11:01:49 IST" duration-ms="58979">
      <class name="com.myntra.tests.loginmyntra">
        <test-method is-config="true" signature="setupReport()[pri:0, instance:com.myntra.tests.loginmyntra@49438269]" started-at="2025-10-30T11:00:49 IST" name="setupReport" finished-at="2025-10-30T11:00:50 IST" duration-ms="1819" status="PASS">
          <reporter-output>
          </reporter-output>
        </test-method> <!-- setupReport -->
        <test-method signature="openHomePageTest()[pri:1, instance:com.myntra.tests.loginmyntra@49438269]" started-at="2025-10-30T11:00:50 IST" name="openHomePageTest" finished-at="2025-10-30T11:01:09 IST" duration-ms="18976" status="PASS">
          <reporter-output>
          </reporter-output>
        </test-method> <!-- openHomePageTest -->
        <test-method signature="searchProduct()[pri:2, instance:com.myntra.tests.loginmyntra@49438269]" started-at="2025-10-30T11:01:09 IST" name="searchProduct" finished-at="2025-10-30T11:01:13 IST" duration-ms="3813" status="PASS">
          <reporter-output>
          </reporter-output>
        </test-method> <!-- searchProduct -->
        <test-method signature="addFirstProductToCart()[pri:3, instance:com.myntra.tests.loginmyntra@49438269]" started-at="2025-10-30T11:01:13 IST" name="addFirstProductToCart" finished-at="2025-10-30T11:01:30 IST" duration-ms="17168" status="PASS">
          <reporter-output>
          </reporter-output>
        </test-method> <!-- addFirstProductToCart -->
        <test-method signature="verifyCartContents()[pri:4, instance:com.myntra.tests.loginmyntra@49438269]" started-at="2025-10-30T11:01:30 IST" name="verifyCartContents" finished-at="2025-10-30T11:01:38 IST" duration-ms="7186" status="PASS">
          <reporter-output>
          </reporter-output>
        </test-method> <!-- verifyCartContents -->
        <test-method signature="simulateLogout()[pri:5, instance:com.myntra.tests.loginmyntra@49438269]" started-at="2025-10-30T11:01:38 IST" name="simulateLogout" finished-at="2025-10-30T11:01:49 IST" duration-ms="11797" status="PASS">
          <reporter-output>
          </reporter-output>
        </test-method> <!-- simulateLogout -->
        <test-method is-config="true" signature="tearDownSuite()[pri:0, instance:com.myntra.tests.loginmyntra@49438269]" started-at="2025-10-30T11:01:49 IST" name="tearDownSuite" finished-at="2025-10-30T11:01:52 IST" duration-ms="2784" status="PASS">
          <reporter-output>
          </reporter-output>
        </test-method> <!-- tearDownSuite -->
      </class> <!-- com.myntra.tests.loginmyntra -->
    </test> <!-- Default test -->
  </suite> <!-- Default suite -->
</testng-results>
