<?xml version="1.0" encoding="UTF-8"?>
<!-- Generated by org.testng.reporters.JUnitXMLReporter -->
<testsuite ignored="0" hostname="ASCINLAP61439" failures="0" tests="5" name="Default test" time="58.979" errors="0" timestamp="2025-10-30T11:01:49 IST">
  <testcase classname="com.myntra.tests.loginmyntra" name="openHomePageTest" time="18.976"/>
  <testcase classname="com.myntra.tests.loginmyntra" name="searchProduct" time="3.813"/>
  <testcase classname="com.myntra.tests.loginmyntra" name="addFirstProductToCart" time="17.168"/>
  <testcase classname="com.myntra.tests.loginmyntra" name="verifyCartContents" time="7.186"/>
  <testcase classname="com.myntra.tests.loginmyntra" name="simulateLogout" time="11.797"/>
</testsuite> <!-- Default test -->
